<?xml version="1.0" encoding="utf-8"?><testsuites name="pytest tests"><testsuite name="pytest" errors="0" failures="0" skipped="0" tests="19" time="3.939" timestamp="2026-06-03T14:22:23.973673+00:00" hostname="agent-env-1c9cbdde-2271-4004-b0ce-412949a4cf73"><testcase classname="backend.tests.backend_test" name="test_root" time="0.268" /><testcase classname="backend.tests.backend_test" name="test_register_vendor_with_image" time="0.499" /><testcase classname="backend.tests.backend_test" name="test_register_vendor_duplicate" time="0.151" /><testcase classname="backend.tests.backend_test" name="test_register_customer" time="0.353" /><testcase classname="backend.tests.backend_test" name="test_register_customer_duplicate" time="0.104" /><testcase classname="backend.tests.backend_test" name="test_login_vendor" time="0.340" /><testcase classname="backend.tests.backend_test" name="test_login_customer" time="0.327" /><testcase classname="backend.tests.backend_test" name="test_login_invalid_password" time="0.329" /><testcase classname="backend.tests.backend_test" name="test_login_unknown_email" time="0.121" /><testcase classname="backend.tests.backend_test" name="test_profile_vendor" time="0.105" /><testcase classname="backend.tests.backend_test" name="test_profile_customer" time="0.137" /><testcase classname="backend.tests.backend_test" name="test_profile_no_auth" time="0.125" /><testcase classname="backend.tests.backend_test" name="test_profile_bad_token" time="0.120" /><testcase classname="backend.tests.backend_test" name="test_search_vendors_by_city" time="0.100" /><testcase classname="backend.tests.backend_test" name="test_search_vendors_no_filter" time="0.166" /><testcase classname="backend.tests.backend_test" name="test_search_vendors_by_coordinates" time="0.121" /><testcase classname="backend.tests.backend_test" name="test_get_vendor_by_id" time="0.102" /><testcase classname="backend.tests.backend_test" name="test_get_vendor_not_found" time="0.155" /><testcase classname="backend.tests.backend_test" name="test_get_uploaded_image" time="0.239" /></testsuite></testsuites>